[2m2024-09-04T05:53:20.351432Z[0m [33m WARN[0m [2matac::app::files::theme[0m[2m:[0m No theme file found, using default
[2m2024-09-04T05:53:22.879189Z[0m [34mDEBUG[0m [2matac::tui::events[0m[2m:[0m Key pressed: Ctrl-h
[2m2024-09-04T05:53:28.031778Z[0m [34mDEBUG[0m [2matac::tui::events[0m[2m:[0m Key pressed: Right
[2m2024-09-04T05:53:29.072244Z[0m [34mDEBUG[0m [2matac::tui::events[0m[2m:[0m Key pressed: Right
[2m2024-09-04T05:53:29.546290Z[0m [34mDEBUG[0m [2matac::tui::events[0m[2m:[0m Key pressed: Right
[2m2024-09-04T05:53:29.846350Z[0m [34mDEBUG[0m [2matac::tui::events[0m[2m:[0m Key pressed: Right
[2m2024-09-04T05:53:30.392012Z[0m [34mDEBUG[0m [2matac::tui::events[0m[2m:[0m Key pressed: Right
[2m2024-09-04T05:53:30.683871Z[0m [34mDEBUG[0m [2matac::tui::events[0m[2m:[0m Key pressed: Right
[2m2024-09-04T05:53:31.572427Z[0m [34mDEBUG[0m [2matac::tui::events[0m[2m:[0m Key pressed: l
[2m2024-09-04T05:53:32.091519Z[0m [34mDEBUG[0m [2matac::tui::events[0m[2m:[0m Key pressed: j
[2m2024-09-04T05:53:32.460901Z[0m [34mDEBUG[0m [2matac::tui::events[0m[2m:[0m Key pressed: j
[2m2024-09-04T05:53:33.097276Z[0m [34mDEBUG[0m [2matac::tui::events[0m[2m:[0m Key pressed: l
[2m2024-09-04T05:53:33.337789Z[0m [34mDEBUG[0m [2matac::tui::events[0m[2m:[0m Key pressed: l
[2m2024-09-04T05:53:33.542350Z[0m [34mDEBUG[0m [2matac::tui::events[0m[2m:[0m Key pressed: l
[2m2024-09-04T05:53:34.202881Z[0m [34mDEBUG[0m [2matac::tui::events[0m[2m:[0m Key pressed: Left
[2m2024-09-04T05:53:34.814878Z[0m [34mDEBUG[0m [2matac::tui::events[0m[2m:[0m Key pressed: Left
[2m2024-09-04T05:53:35.134647Z[0m [34mDEBUG[0m [2matac::tui::events[0m[2m:[0m Key pressed: Left
[2m2024-09-04T05:53:35.765657Z[0m [34mDEBUG[0m [2matac::tui::events[0m[2m:[0m Key pressed: Left
[2m2024-09-04T05:53:36.134096Z[0m [34mDEBUG[0m [2matac::tui::events[0m[2m:[0m Key pressed: Left
[2m2024-09-04T05:53:36.589890Z[0m [34mDEBUG[0m [2matac::tui::events[0m[2m:[0m Key pressed: Left
[2m2024-09-04T05:53:36.997000Z[0m [34mDEBUG[0m [2matac::tui::events[0m[2m:[0m Key pressed: Right
[2m2024-09-04T05:53:37.511720Z[0m [34mDEBUG[0m [2matac::tui::events[0m[2m:[0m Key pressed: Right
[2m2024-09-04T05:53:38.646714Z[0m [34mDEBUG[0m [2matac::tui::events[0m[2m:[0m Key pressed: Left
[2m2024-09-04T05:53:39.190665Z[0m [34mDEBUG[0m [2matac::tui::events[0m[2m:[0m Key pressed: Left
[2m2024-09-04T05:53:40.057148Z[0m [34mDEBUG[0m [2matac::tui::events[0m[2m:[0m Key pressed: Right
[2m2024-09-04T05:53:43.080326Z[0m [34mDEBUG[0m [2matac::tui::events[0m[2m:[0m Key pressed: Left
[2m2024-09-04T05:53:43.703012Z[0m [34mDEBUG[0m [2matac::tui::events[0m[2m:[0m Key pressed: Left
[2m2024-09-04T05:53:44.235356Z[0m [34mDEBUG[0m [2matac::tui::events[0m[2m:[0m Key pressed: Right
[2m2024-09-04T05:53:44.508153Z[0m [34mDEBUG[0m [2matac::tui::events[0m[2m:[0m Key pressed: Left
[2m2024-09-04T05:53:44.950247Z[0m [34mDEBUG[0m [2matac::tui::events[0m[2m:[0m Key pressed: Left
[2m2024-09-04T05:53:45.635561Z[0m [34mDEBUG[0m [2matac::tui::events[0m[2m:[0m Key pressed: Left
[2m2024-09-04T05:53:45.867808Z[0m [34mDEBUG[0m [2matac::tui::events[0m[2m:[0m Key pressed: Left
[2m2024-09-04T05:53:46.119249Z[0m [34mDEBUG[0m [2matac::tui::events[0m[2m:[0m Key pressed: Left
[2m2024-09-04T05:53:46.334000Z[0m [34mDEBUG[0m [2matac::tui::events[0m[2m:[0m Key pressed: Left
[2m2024-09-04T05:53:46.604557Z[0m [34mDEBUG[0m [2matac::tui::events[0m[2m:[0m Key pressed: Left
[2m2024-09-04T05:53:46.856319Z[0m [34mDEBUG[0m [2matac::tui::events[0m[2m:[0m Key pressed: Left
[2m2024-09-04T05:53:47.070450Z[0m [34mDEBUG[0m [2matac::tui::events[0m[2m:[0m Key pressed: Left
[2m2024-09-04T05:53:47.297209Z[0m [34mDEBUG[0m [2matac::tui::events[0m[2m:[0m Key pressed: Left
[2m2024-09-04T05:53:47.549268Z[0m [34mDEBUG[0m [2matac::tui::events[0m[2m:[0m Key pressed: Left
[2m2024-09-04T05:53:47.810975Z[0m [34mDEBUG[0m [2matac::tui::events[0m[2m:[0m Key pressed: Left
[2m2024-09-04T05:53:48.102908Z[0m [34mDEBUG[0m [2matac::tui::events[0m[2m:[0m Key pressed: Left
[2m2024-09-04T05:53:48.366500Z[0m [34mDEBUG[0m [2matac::tui::events[0m[2m:[0m Key pressed: Left
[2m2024-09-04T05:53:49.395956Z[0m [34mDEBUG[0m [2matac::tui::events[0m[2m:[0m Key pressed: Esc
[2m2024-09-04T05:53:51.395717Z[0m [34mDEBUG[0m [2matac::tui::events[0m[2m:[0m Key pressed: q
